<?xml version="1.0" encoding="UTF-8"?>
<!-- Generated by org.testng.reporters.JUnitXMLReporter -->
<testsuite ignored="0" hostname="DhananjayP-PC" failures="0" tests="2" name="Default test" time="0.324" errors="0" timestamp="2024-02-23T12:53:10 IST">
  <testcase classname="day6_SchemaValidation.SerilazationDeserilazation" name="convertPOJOtoJSON" time="0.248"/>
  <testcase classname="day6_SchemaValidation.SerilazationDeserilazation" name="convertJSONtoPOJO" time="0.027"/>
</testsuite> <!-- Default test -->
