<?xml version="1.0" encoding="UTF-8"?>
<testng-results ignored="0" total="1" passed="1" failed="0" skipped="0">
  <reporter-output>
  </reporter-output>
  <suite started-at="2024-02-23T12:00:01 IST" name="Default suite" finished-at="2024-02-23T12:00:02 IST" duration-ms="1738">
    <groups>
    </groups>
    <test started-at="2024-02-23T12:00:01 IST" name="Default test" finished-at="2024-02-23T12:00:02 IST" duration-ms="1738">
      <class name="day6_SchemaValidation.XML_SchemaValidation">
        <test-method signature="JsonSchemaValidation()[pri:1, instance:day6_SchemaValidation.XML_SchemaValidation@550dbc7a]" started-at="2024-02-23T12:00:01 IST" name="JsonSchemaValidation" finished-at="2024-02-23T12:00:02 IST" duration-ms="1700" status="PASS">
          <reporter-output>
          </reporter-output>
        </test-method> <!-- JsonSchemaValidation -->
      </class> <!-- day6_SchemaValidation.XML_SchemaValidation -->
    </test> <!-- Default test -->
  </suite> <!-- Default suite -->
</testng-results>
