<?xml version="1.0" encoding="UTF-8"?>
<testng-results ignored="0" total="2" passed="2" failed="0" skipped="0">
  <reporter-output>
  </reporter-output>
  <suite started-at="2024-02-23T12:53:10 IST" name="Default suite" finished-at="2024-02-23T12:53:10 IST" duration-ms="324">
    <groups>
    </groups>
    <test started-at="2024-02-23T12:53:10 IST" name="Default test" finished-at="2024-02-23T12:53:10 IST" duration-ms="324">
      <class name="day6_SchemaValidation.SerilazationDeserilazation">
        <test-method signature="convertPOJOtoJSON()[pri:1, instance:day6_SchemaValidation.SerilazationDeserilazation@21282ed8]" started-at="2024-02-23T12:53:10 IST" name="convertPOJOtoJSON" finished-at="2024-02-23T12:53:10 IST" duration-ms="248" status="PASS">
          <reporter-output>
          </reporter-output>
        </test-method> <!-- convertPOJOtoJSON -->
        <test-method signature="convertJSONtoPOJO()[pri:2, instance:day6_SchemaValidation.SerilazationDeserilazation@21282ed8]" started-at="2024-02-23T12:53:10 IST" name="convertJSONtoPOJO" finished-at="2024-02-23T12:53:10 IST" duration-ms="27" status="PASS">
          <reporter-output>
          </reporter-output>
        </test-method> <!-- convertJSONtoPOJO -->
      </class> <!-- day6_SchemaValidation.SerilazationDeserilazation -->
    </test> <!-- Default test -->
  </suite> <!-- Default suite -->
</testng-results>
